#-----------------------------------------------------------
# Vivado v2016.4 (64-bit)
# SW Build 1756540 on Mon Jan 23 19:11:23 MST 2017
# IP Build 1755317 on Mon Jan 23 20:30:07 MST 2017
# Start of session at: Thu Apr 20 23:34:40 2023
# Process ID: 12568
# Current directory: C:/Users/Alexia/Vivado_projects/project_2_1
# Command line: vivado.exe -gui_launcher_event rodinguilauncherevent1532 C:\Users\Alexia\Vivado_projects\project_2_1\project_1.xpr
# Log file: C:/Users/Alexia/Vivado_projects/project_2_1/vivado.log
# Journal file: C:/Users/Alexia/Vivado_projects/project_2_1\vivado.jou
#-----------------------------------------------------------
start_gui
open_project C:/Users/Alexia/Vivado_projects/project_2_1/project_1.xpr
Scanning sources...
Finished scanning sources
INFO: [IP_Flow 19-234] Refreshing IP repositories
INFO: [IP_Flow 19-1704] No user IP repositories specified
INFO: [IP_Flow 19-2313] Loaded Vivado IP repository 'C:/Vivado1/Vivado/2016.4/data/ip'.
exit
INFO: [Common 17-206] Exiting Vivado at Fri Apr 21 08:29:16 2023...
