#-----------------------------------------------------------
# Vivado v2016.4 (64-bit)
# SW Build 1756540 on Mon Jan 23 19:11:23 MST 2017
# IP Build 1755317 on Mon Jan 23 20:30:07 MST 2017
# Start of session at: Mon May 08 11:25:22 2023
# Process ID: 13192
# Current directory: C:/Users/Alexia/Vivado_projects/Mips_Pipeline
# Command line: vivado.exe -gui_launcher_event rodinguilauncherevent12584 C:\Users\Alexia\Vivado_projects\Mips_Pipeline\project_1.xpr
# Log file: C:/Users/Alexia/Vivado_projects/Mips_Pipeline/vivado.log
# Journal file: C:/Users/Alexia/Vivado_projects/Mips_Pipeline\vivado.jou
#-----------------------------------------------------------
start_gui
open_project C:/Users/Alexia/Vivado_projects/Mips_Pipeline/project_1.xpr
Scanning sources...
Finished scanning sources
INFO: [IP_Flow 19-234] Refreshing IP repositories
INFO: [IP_Flow 19-1704] No user IP repositories specified
INFO: [IP_Flow 19-2313] Loaded Vivado IP repository 'C:/Vivado1/Vivado/2016.4/data/ip'.
exit
INFO: [Common 17-206] Exiting Vivado at Mon May 08 13:05:51 2023...
