#-----------------------------------------------------------
# Vivado v2016.4 (64-bit)
# SW Build 1756540 on Mon Jan 23 19:11:23 MST 2017
# IP Build 1755317 on Mon Jan 23 20:30:07 MST 2017
# Start of session at: Thu Apr 20 20:20:18 2023
# Process ID: 3200
# Current directory: C:/Users/Alexia/Vivado_projects/project_2_1
# Command line: vivado.exe -gui_launcher_event rodinguilauncherevent7688 C:\Users\Alexia\Vivado_projects\project_2_1\project_1.xpr
# Log file: C:/Users/Alexia/Vivado_projects/project_2_1/vivado.log
# Journal file: C:/Users/Alexia/Vivado_projects/project_2_1\vivado.jou
#-----------------------------------------------------------
start_gui
open_project C:/Users/Alexia/Vivado_projects/project_2_1/project_1.xpr
INFO: [Project 1-313] Project file moved from 'C:/Users/Alexia/Vivado_projects/MIPS16_SANDOR_ALEXIA_GR8' since last save.
Scanning sources...
Finished scanning sources
INFO: [IP_Flow 19-234] Refreshing IP repositories
INFO: [IP_Flow 19-1704] No user IP repositories specified
INFO: [IP_Flow 19-2313] Loaded Vivado IP repository 'C:/Vivado1/Vivado/2016.4/data/ip'.
WARNING: [Common 17-9] Error reading message records.
WARNING: [Common 17-9] Error reading message records.
WARNING: [Common 17-9] Error reading message records.
WARNING: [Common 17-9] Error reading message records.
exit
INFO: [Common 17-206] Exiting Vivado at Thu Apr 20 20:29:47 2023...
ign_1.bd}
Successfully read diagram <design_1> from BD file <C:/Users/Alexia/Vivado_projects/project_2_1/project_1.srcs/sim_1/bd/design_1/design_1.bd>
remove_files  -fileset sim_1 C:/Users/Alexia/Vivado_projects/project_2_1/project_1.srcs/sim_1/bd/design_1/design_1.bd
file delete -force C:/Users/Alexia/Vivado_projects/project_2_1/project_1.ip_user_files/bd/design_1 C:/Users/Alexia/Vivado_projects/project_2_1/project_1.ip_user_files/sim_scripts/design_1
reset_run impl_1
launch_runs impl_1
[Thu Apr 20 20:23:13 2023] Launched impl_1...
Run output will be captured here: C:/Users/Alexia/Vivado_projects/project_2_1/project_1.runs/impl_1/runme.log
remove_files  C:/Users/Alexia/Vivado_projects/project_2_1/project_1.srcs/sources_1/new/ALU.vhd
reset_run synth_1
WARNING: [Vivado 12-1017] Problems encountered:
1. Failed to delete one or more files in run directory C:/Users/Alexia/Vivado_projects/project_2_1/project_1.runs/synth_1

launch_runs impl_1
[Thu Apr 20 20:28:34 2023] Launched synth_1...
Run output will be captured here: C:/Users/Alexia/Vivado_projects/project_2_1/project_1.runs/synth_1/runme.log
[Thu Apr 20 20:28:34 2023] Launched impl_1...
Run output will be captured here: C:/Users/Alexia/Vivado_projects/project_2_1/project_1.runs/impl_1/runme.log
reset_run impl_1
exit
INFO: [Common 17-206] Exiting Vivado at Thu Apr 20 20:29:30 2023...
